<?xml version="1.0" encoding="UTF-8"?>
<!-- Generated by org.testng.reporters.JUnitXMLReporter -->
<testsuite hostname="197NODMB22706.one97.delhi.net" ignored="0" tests="2" failures="1" timestamp="02 Dec 2019 10:08:56 GMT" time="0.07" errors="0">
  <testcase name="m1" time="0.014" classname="DemoTest"/>
  <testcase name="m2" time="0.015" classname="DemoTest">
    <failure type="java.lang.AssertionError" message="expected [Rahul] but found [Test]">
      <![CDATA[java.lang.AssertionError: expected [Rahul] but found [Test]
	at DemoTest.m2(DemoTest.java:16)
	at java.util.concurrent.ThreadPoolExecutor.runWorker(ThreadPoolExecutor.java:1149)
	at java.util.concurrent.ThreadPoolExecutor$Worker.run(ThreadPoolExecutor.java:624)
	at java.lang.Thread.run(Thread.java:748)
... Removed 16 stack frames]]>
    </failure>
  </testcase> <!-- m2 -->
</testsuite>
